{"uid":"c121925b78d57eb0","name":"Runs Cucumber Scenarios","fullName":"io.cucumber.testng.AbstractTestNGCucumberTests.runScenario","historyId":"f0a7efcbd1e6e556fe10cab65054bf57","time":{"start":1726079455039,"stop":1726079476006,"duration":20967},"description":"CHROME-Verify that the No Results Found message is displayed when there are no matching items FAILED","descriptionHtml":"<p>CHROME-Verify that the No Results Found message is displayed when there are no matching items FAILED</p>\n","status":"failed","statusMessage":"فيه عندهم رئيس للبيع expected [0] but found [15]","statusTrace":"java.lang.AssertionError: فيه عندهم رئيس للبيع expected [0] but found [15]\r\n\tat org.testng.Assert.fail(Assert.java:111)\r\n\tat org.testng.Assert.failNotEquals(Assert.java:1578)\r\n\tat org.testng.Assert.assertEqualsImpl(Assert.java:150)\r\n\tat org.testng.Assert.assertEquals(Assert.java:132)\r\n\tat org.testng.Assert.assertEquals(Assert.java:1419)\r\n\tat org.testng.Assert.assertEquals(Assert.java:1383)\r\n\tat UI.stepDefinitions.SearchStepDefinitions.a_message_should_be_displayed(SearchStepDefinitions.java:106)\r\n\tat ✽.a \"No Results Found\" message should be displayed(file:///C:/Users/lenovo/IdeaProjects/Ellithium%20Demo%20Project/src/test/resources/features/UI/Search.feature:27)\r\n","flaky":false,"newFailed":false,"newBroken":false,"newPassed":false,"retriesCount":0,"retriesStatusChange":false,"beforeStages":[{"name":"setUp","time":{"start":1726079454613,"stop":1726079454616,"duration":3},"description":"","status":"passed","steps":[],"attachments":[],"parameters":[],"hasContent":false,"attachmentsCount":0,"shouldDisplayMessage":false,"attachmentStep":false,"stepsCount":0},{"name":"setUpClass","time":{"start":1726079454620,"stop":1726079455031,"duration":411},"description":"","status":"passed","steps":[],"attachments":[],"parameters":[],"hasContent":false,"attachmentsCount":0,"shouldDisplayMessage":false,"attachmentStep":false,"stepsCount":0}],"testStage":{"description":"CHROME-Verify that the No Results Found message is displayed when there are no matching items FAILED","status":"failed","statusMessage":"فيه عندهم رئيس للبيع expected [0] but found [15]","statusTrace":"java.lang.AssertionError: فيه عندهم رئيس للبيع expected [0] but found [15]\r\n\tat org.testng.Assert.fail(Assert.java:111)\r\n\tat org.testng.Assert.failNotEquals(Assert.java:1578)\r\n\tat org.testng.Assert.assertEqualsImpl(Assert.java:150)\r\n\tat org.testng.Assert.assertEquals(Assert.java:132)\r\n\tat org.testng.Assert.assertEquals(Assert.java:1419)\r\n\tat org.testng.Assert.assertEquals(Assert.java:1383)\r\n\tat UI.stepDefinitions.SearchStepDefinitions.a_message_should_be_displayed(SearchStepDefinitions.java:106)\r\n\tat ✽.a \"No Results Found\" message should be displayed(file:///C:/Users/lenovo/IdeaProjects/Ellithium%20Demo%20Project/src/test/resources/features/UI/Search.feature:27)\r\n","steps":[],"attachments":[{"uid":"79bdf6cabd776be","name":"CHROME- Scenario Verify that the No Results Found message is displayed when there are no matching items","source":"79bdf6cabd776be.png","type":"image/png","size":243674}],"parameters":[],"hasContent":true,"attachmentsCount":1,"shouldDisplayMessage":true,"attachmentStep":false,"stepsCount":0},"afterStages":[{"name":"tearDownClass","time":{"start":1726079493151,"stop":1726079493196,"duration":45},"description":"","status":"passed","steps":[],"attachments":[],"parameters":[],"hasContent":false,"attachmentsCount":0,"shouldDisplayMessage":false,"attachmentStep":false,"stepsCount":0},{"name":"tearDown","time":{"start":1726079493196,"stop":1726079493197,"duration":1},"description":"","status":"passed","steps":[],"attachments":[],"parameters":[],"hasContent":false,"attachmentsCount":0,"shouldDisplayMessage":false,"attachmentStep":false,"stepsCount":0}],"labels":[{"name":"package","value":"UI.TestRunner.Runner"},{"name":"testClass","value":"UI.TestRunner.Runner"},{"name":"testMethod","value":"runScenario"},{"name":"parentSuite","value":"UI Cross Browser Testing and API"},{"name":"suite","value":"UI Cross Browser Chrome"},{"name":"subSuite","value":"UI.TestRunner.Runner"},{"name":"host","value":"Abdelrhman-laptop"},{"name":"thread","value":"12236@Abdelrhman-laptop.TestNG-PoolService-1(46)"},{"name":"framework","value":"testng"},{"name":"language","value":"java"},{"name":"resultFormat","value":"allure2"}],"parameters":[{"name":"BrowserName","value":"Chrome"},{"name":"HeadlessMode","value":"false"},{"name":"PageLoadStrategy","value":"Eager"},{"name":"arg0","value":"\"Verify that the No Results Found message is displayed when there are no matching items\""},{"name":"arg1","value":"\"Search\""}],"links":[],"hidden":false,"retry":false,"extra":{"severity":"normal","retries":[],"categories":[{"name":"Product defects","matchedStatuses":[],"flaky":false}],"tags":[]},"source":"c121925b78d57eb0.json","parameterValues":["Chrome","false","Eager","\"Verify that the No Results Found message is displayed when there are no matching items\"","\"Search\""]}